This is pdfTeX, Version 3.14159265-2.6-1.40.20 (TeX Live 2019) (preloaded format=pdflatex 2019.6.30)  12 JUL 2019 00:24
entering extended mode
 restricted \write18 enabled.
 file:line:error style messages enabled.
 %&-line parsing enabled.
**16341023_周芙蓉.tex
(./16341023_周芙蓉.tex
LaTeX2e <2018-12-01>
(/usr/local/texlive/2019/texmf-dist/tex/latex/base/article.cls
Document Class: article 2018/09/03 v1.4i Standard LaTeX document class
(/usr/local/texlive/2019/texmf-dist/tex/latex/base/size10.clo
File: size10.clo 2018/09/03 v1.4i Standard LaTeX file (size option)
)
\c@part=\count80
\c@section=\count81
\c@subsection=\count82
\c@subsubsection=\count83
\c@paragraph=\count84
\c@subparagraph=\count85
\c@figure=\count86
\c@table=\count87
\abovecaptionskip=\skip41
\belowcaptionskip=\skip42
\bibindent=\dimen102
) (./cvpr.sty
(./eso-pic.sty
Package: eso-pic 2002/11/16 v1.1b eso-pic (RN)
 (./cvpr_eso.sty

LaTeX Warning: You have requested package `eso-pic',
               but the package provides `everyshi'.

Package: everyshi 2001/05/15 v3.00 EveryShipout Package (MS)
) (/usr/local/texlive/2019/texmf-dist/tex/latex/graphics/keyval.sty
Package: keyval 2014/10/28 v1.15 key=value parser (DPC)
\KV@toks@=\toks14
))
(/usr/local/texlive/2019/texmf-dist/tex/latex/tools/xspace.sty
Package: xspace 2014/10/28 v1.13 Space after command names (DPC,MH)
)
CVPR 8.5 x 11-Inch Proceedings Style `cvpr.sty'.
\@ctmp=\skip43
\@figindent=\skip44
\cvprrulerbox=\box27
\cvprrulercount=\count88
\cvprruleroffset=\dimen103
\cv@lineheight=\dimen104
\cv@boxheight=\dimen105
\cv@tmpbox=\box28
\cv@refno=\count89
\cv@tot=\count90
\cv@tmpc@=\count91
\cv@tmpc=\count92
) (/usr/local/texlive/2019/texmf-dist/tex/latex/psnfss/times.sty
Package: times 2005/04/12 PSNFSS-v9.2a (SPQR) 
)
(/usr/local/texlive/2019/texmf-dist/tex/latex/graphics/epsfig.sty
Package: epsfig 2017/06/25 v1.7b (e)psfig emulation (SPQR)

(/usr/local/texlive/2019/texmf-dist/tex/latex/graphics/graphicx.sty
Package: graphicx 2017/06/01 v1.1a Enhanced LaTeX Graphics (DPC,SPQR)

(/usr/local/texlive/2019/texmf-dist/tex/latex/graphics/graphics.sty
Package: graphics 2017/06/25 v1.2c Standard LaTeX Graphics (DPC,SPQR)

(/usr/local/texlive/2019/texmf-dist/tex/latex/graphics/trig.sty
Package: trig 2016/01/03 v1.10 sin cos tan (DPC)
)
(/usr/local/texlive/2019/texmf-dist/tex/latex/graphics-cfg/graphics.cfg
File: graphics.cfg 2016/06/04 v1.11 sample graphics configuration
)
Package graphics Info: Driver file: pdftex.def on input line 99.

(/usr/local/texlive/2019/texmf-dist/tex/latex/graphics-def/pdftex.def
File: pdftex.def 2018/01/08 v1.0l Graphics/color driver for pdftex
))
\Gin@req@height=\dimen106
\Gin@req@width=\dimen107
)
\epsfxsize=\dimen108
\epsfysize=\dimen109
)
(/usr/local/texlive/2019/texmf-dist/tex/latex/amsmath/amsmath.sty
Package: amsmath 2018/12/01 v2.17b AMS math features
\@mathmargin=\skip45

For additional information on amsmath, use the `?' option.
(/usr/local/texlive/2019/texmf-dist/tex/latex/amsmath/amstext.sty
Package: amstext 2000/06/29 v2.01 AMS text

(/usr/local/texlive/2019/texmf-dist/tex/latex/amsmath/amsgen.sty
File: amsgen.sty 1999/11/30 v2.0 generic functions
\@emptytoks=\toks15
\ex@=\dimen110
))
(/usr/local/texlive/2019/texmf-dist/tex/latex/amsmath/amsbsy.sty
Package: amsbsy 1999/11/29 v1.2d Bold Symbols
\pmbraise@=\dimen111
)
(/usr/local/texlive/2019/texmf-dist/tex/latex/amsmath/amsopn.sty
Package: amsopn 2016/03/08 v2.02 operator names
)
\inf@bad=\count93
LaTeX Info: Redefining \frac on input line 223.
\uproot@=\count94
\leftroot@=\count95
LaTeX Info: Redefining \overline on input line 385.
\classnum@=\count96
\DOTSCASE@=\count97
LaTeX Info: Redefining \ldots on input line 482.
LaTeX Info: Redefining \dots on input line 485.
LaTeX Info: Redefining \cdots on input line 606.
\Mathstrutbox@=\box29
\strutbox@=\box30
\big@size=\dimen112
LaTeX Font Info:    Redeclaring font encoding OML on input line 729.
LaTeX Font Info:    Redeclaring font encoding OMS on input line 730.
\macc@depth=\count98
\c@MaxMatrixCols=\count99
\dotsspace@=\muskip10
\c@parentequation=\count100
\dspbrk@lvl=\count101
\tag@help=\toks16
\row@=\count102
\column@=\count103
\maxfields@=\count104
\andhelp@=\toks17
\eqnshift@=\dimen113
\alignsep@=\dimen114
\tagshift@=\dimen115
\tagwidth@=\dimen116
\totwidth@=\dimen117
\lineht@=\dimen118
\@envbody=\toks18
\multlinegap=\skip46
\multlinetaggap=\skip47
\mathdisplay@stack=\toks19
LaTeX Info: Redefining \[ on input line 2844.
LaTeX Info: Redefining \] on input line 2845.
)
(/usr/local/texlive/2019/texmf-dist/tex/latex/xcolor/xcolor.sty
Package: xcolor 2016/05/11 v2.12 LaTeX color extensions (UK)

(/usr/local/texlive/2019/texmf-dist/tex/latex/graphics-cfg/color.cfg
File: color.cfg 2016/01/02 v1.6 sample color configuration
)
Package xcolor Info: Driver file: pdftex.def on input line 225.
Package xcolor Info: Model `cmy' substituted by `cmy0' on input line 1348.
Package xcolor Info: Model `hsb' substituted by `rgb' on input line 1352.
Package xcolor Info: Model `RGB' extended on input line 1364.
Package xcolor Info: Model `HTML' substituted by `rgb' on input line 1366.
Package xcolor Info: Model `Hsb' substituted by `hsb' on input line 1367.
Package xcolor Info: Model `tHsb' substituted by `hsb' on input line 1368.
Package xcolor Info: Model `HSB' substituted by `hsb' on input line 1369.
Package xcolor Info: Model `Gray' substituted by `gray' on input line 1370.
Package xcolor Info: Model `wave' substituted by `hsb' on input line 1371.
)
(/usr/local/texlive/2019/texmf-dist/tex/latex/listings/listings.sty
\lst@mode=\count105
\lst@gtempboxa=\box31
\lst@token=\toks20
\lst@length=\count106
\lst@currlwidth=\dimen119
\lst@column=\count107
\lst@pos=\count108
\lst@lostspace=\dimen120
\lst@width=\dimen121
\lst@newlines=\count109
\lst@lineno=\count110
\lst@maxwidth=\dimen122

(/usr/local/texlive/2019/texmf-dist/tex/latex/listings/lstmisc.sty
File: lstmisc.sty 2019/02/27 1.8b (Carsten Heinz)
\c@lstnumber=\count111
\lst@skipnumbers=\count112
\lst@framebox=\box32
)
(/usr/local/texlive/2019/texmf-dist/tex/latex/listings/listings.cfg
File: listings.cfg 2019/02/27 1.8b listings configuration
))
Package: listings 2019/02/27 1.8b (Carsten Heinz)

(/usr/local/texlive/2019/texmf-dist/tex/latex/amsfonts/amssymb.sty
Package: amssymb 2013/01/14 v3.01 AMS font symbols

(/usr/local/texlive/2019/texmf-dist/tex/latex/amsfonts/amsfonts.sty
Package: amsfonts 2013/01/14 v3.01 Basic AMSFonts support
\symAMSa=\mathgroup4
\symAMSb=\mathgroup5
LaTeX Font Info:    Overwriting math alphabet `\mathfrak' in version `bold'
(Font)                  U/euf/m/n --> U/euf/b/n on input line 106.
))
(/usr/local/texlive/2019/texmf-dist/tex/latex/algorithms/algorithmic.sty
Package: algorithmic 2009/08/24 v0.1 Document Style `algorithmic'

(/usr/local/texlive/2019/texmf-dist/tex/latex/base/ifthen.sty
Package: ifthen 2014/09/29 v1.1c Standard LaTeX ifthen package (DPC)
)
\c@ALC@unique=\count113
\c@ALC@line=\count114
\c@ALC@rem=\count115
\c@ALC@depth=\count116
\ALC@tlm=\skip48
\algorithmicindent=\skip49
)
(/usr/local/texlive/2019/texmf-dist/tex/latex/tools/multicol.sty
Package: multicol 2018/12/27 v1.8v multicolumn formatting (FMi)
\c@tracingmulticols=\count117


Package multicol Warning: May not work with the twocolumn option on input line 
141.

\mult@box=\box33
\multicol@leftmargin=\dimen123
\c@unbalance=\count118
\c@collectmore=\count119
\doublecol@number=\count120
\multicoltolerance=\count121
\multicolpretolerance=\count122
\full@width=\dimen124
\page@free=\dimen125
\premulticols=\dimen126
\postmulticols=\dimen127
\multicolsep=\skip50
\multicolbaselineskip=\skip51
\partial@page=\box34
\last@line=\box35
\maxbalancingoverflow=\dimen128
\mult@rightbox=\box36
\mult@grightbox=\box37
\mult@gfirstbox=\box38
\mult@firstbox=\box39
\@tempa=\box40
\@tempa=\box41
\@tempa=\box42
\@tempa=\box43
\@tempa=\box44
\@tempa=\box45
\@tempa=\box46
\@tempa=\box47
\@tempa=\box48
\@tempa=\box49
\@tempa=\box50
\@tempa=\box51
\@tempa=\box52
\@tempa=\box53
\@tempa=\box54
\@tempa=\box55
\@tempa=\box56
\c@columnbadness=\count123
\c@finalcolumnbadness=\count124
\last@try=\dimen129
\multicolovershoot=\dimen130
\multicolundershoot=\dimen131
\mult@nat@firstbox=\box57
\colbreak@box=\box58
\mc@col@check@num=\count125
) (/usr/local/texlive/2019/texmf-dist/tex/latex/pdfpages/pdfpages.sty
Package: pdfpages 2017/10/31 v0.5l Insert pages of external PDF documents (AM)

(/usr/local/texlive/2019/texmf-dist/tex/latex/tools/calc.sty
Package: calc 2017/05/25 v4.3 Infix arithmetic (KKT,FJ)
\calc@Acount=\count126
\calc@Bcount=\count127
\calc@Adimen=\dimen132
\calc@Bdimen=\dimen133
\calc@Askip=\skip52
\calc@Bskip=\skip53
LaTeX Info: Redefining \setlength on input line 80.
LaTeX Info: Redefining \addtolength on input line 81.
\calc@Ccount=\count128
\calc@Cskip=\skip54
)
\AM@pagewidth=\dimen134
\AM@pageheight=\dimen135

(/usr/local/texlive/2019/texmf-dist/tex/latex/pdfpages/pppdftex.def
File: pppdftex.def 2017/10/31 v0.5l Pdfpages driver for pdfTeX (AM)
)
\AM@pagebox=\box59
\AM@global@opts=\toks21
\AM@toc@title=\toks22
\c@AM@survey=\count129
\AM@templatesizebox=\box60
)
(/usr/local/texlive/2019/texmf-dist/tex/latex/pythonhighlight/pythonhighlight.s
ty
Package: pythonhighlight 2017/02/09 python code highlighting; provided by Olivi
er Verdier <olivier.verdier@gmail.com>
) (/usr/local/texlive/2019/texmf-dist/tex/latex/hyperref/hyperref.sty
Package: hyperref 2018/11/30 v6.88e Hypertext links for LaTeX

(/usr/local/texlive/2019/texmf-dist/tex/generic/oberdiek/hobsub-hyperref.sty
Package: hobsub-hyperref 2016/05/16 v1.14 Bundle oberdiek, subset hyperref (HO)


(/usr/local/texlive/2019/texmf-dist/tex/generic/oberdiek/hobsub-generic.sty
Package: hobsub-generic 2016/05/16 v1.14 Bundle oberdiek, subset generic (HO)
Package: hobsub 2016/05/16 v1.14 Construct package bundles (HO)
Package: infwarerr 2016/05/16 v1.4 Providing info/warning/error messages (HO)
Package: ltxcmds 2016/05/16 v1.23 LaTeX kernel commands for general use (HO)
Package: ifluatex 2016/05/16 v1.4 Provides the ifluatex switch (HO)
Package ifluatex Info: LuaTeX not detected.
Package: ifvtex 2016/05/16 v1.6 Detect VTeX and its facilities (HO)
Package ifvtex Info: VTeX not detected.
Package: intcalc 2016/05/16 v1.2 Expandable calculations with integers (HO)
Package: ifpdf 2018/09/07 v3.3 Provides the ifpdf switch
Package: etexcmds 2016/05/16 v1.6 Avoid name clashes with e-TeX commands (HO)
Package: kvsetkeys 2016/05/16 v1.17 Key value parser (HO)
Package: kvdefinekeys 2016/05/16 v1.4 Define keys (HO)
Package: pdftexcmds 2018/09/10 v0.29 Utility functions of pdfTeX for LuaTeX (HO
)
Package pdftexcmds Info: LuaTeX not detected.
Package pdftexcmds Info: \pdf@primitive is available.
Package pdftexcmds Info: \pdf@ifprimitive is available.
Package pdftexcmds Info: \pdfdraftmode found.
Package: pdfescape 2016/05/16 v1.14 Implements pdfTeX's escape features (HO)
Package: bigintcalc 2016/05/16 v1.4 Expandable calculations on big integers (HO
)
Package: bitset 2016/05/16 v1.2 Handle bit-vector datatype (HO)
Package: uniquecounter 2016/05/16 v1.3 Provide unlimited unique counter (HO)
)
Package hobsub Info: Skipping package `hobsub' (already loaded).
Package: letltxmacro 2016/05/16 v1.5 Let assignment for LaTeX macros (HO)
Package: hopatch 2016/05/16 v1.3 Wrapper for package hooks (HO)
Package: xcolor-patch 2016/05/16 xcolor patch
Package: atveryend 2016/05/16 v1.9 Hooks at the very end of document (HO)
Package atveryend Info: \enddocument detected (standard20110627).
Package: atbegshi 2016/06/09 v1.18 At begin shipout hook (HO)
Package: refcount 2016/05/16 v3.5 Data extraction from label references (HO)
Package: hycolor 2016/05/16 v1.8 Color options for hyperref/bookmark (HO)
)
(/usr/local/texlive/2019/texmf-dist/tex/generic/ifxetex/ifxetex.sty
Package: ifxetex 2010/09/12 v0.6 Provides ifxetex conditional
)
(/usr/local/texlive/2019/texmf-dist/tex/latex/oberdiek/auxhook.sty
Package: auxhook 2016/05/16 v1.4 Hooks for auxiliary files (HO)
)
(/usr/local/texlive/2019/texmf-dist/tex/latex/oberdiek/kvoptions.sty
Package: kvoptions 2016/05/16 v3.12 Key value format for package options (HO)
)
\@linkdim=\dimen136
\Hy@linkcounter=\count130
\Hy@pagecounter=\count131

(/usr/local/texlive/2019/texmf-dist/tex/latex/hyperref/pd1enc.def
File: pd1enc.def 2018/11/30 v6.88e Hyperref: PDFDocEncoding definition (HO)
Now handling font encoding PD1 ...
... no UTF-8 mapping file for font encoding PD1
)
\Hy@SavedSpaceFactor=\count132

(/usr/local/texlive/2019/texmf-dist/tex/latex/latexconfig/hyperref.cfg
File: hyperref.cfg 2002/06/06 v1.2 hyperref configuration of TeXLive
)
Package hyperref Info: Option `breaklinks' set `true' on input line 4393.
Package hyperref Info: Option `bookmarks' set `false' on input line 4393.
Package hyperref Info: Hyper figures OFF on input line 4519.
Package hyperref Info: Link nesting OFF on input line 4524.
Package hyperref Info: Hyper index ON on input line 4527.
Package hyperref Info: Plain pages OFF on input line 4534.
Package hyperref Info: Backreferencing OFF on input line 4539.
Package hyperref Info: Implicit mode ON; LaTeX internals redefined.
Package hyperref Info: Bookmarks OFF on input line 4778.
\c@Hy@tempcnt=\count133

(/usr/local/texlive/2019/texmf-dist/tex/latex/url/url.sty
\Urlmuskip=\muskip11
Package: url 2013/09/16  ver 3.4  Verb mode for urls, etc.
)
LaTeX Info: Redefining \url on input line 5125.
\XeTeXLinkMargin=\dimen137
\Fld@menulength=\count134
\Field@Width=\dimen138
\Fld@charsize=\dimen139
Package hyperref Info: Hyper figures OFF on input line 6380.
Package hyperref Info: Link nesting OFF on input line 6385.
Package hyperref Info: Hyper index ON on input line 6388.
Package hyperref Info: backreferencing OFF on input line 6395.
Package hyperref Info: Link coloring OFF on input line 6400.
Package hyperref Info: Link coloring with OCG OFF on input line 6405.
Package hyperref Info: PDF/A mode OFF on input line 6410.
LaTeX Info: Redefining \ref on input line 6450.
LaTeX Info: Redefining \pageref on input line 6454.
\Hy@abspage=\count135
\c@Item=\count136
\c@Hfootnote=\count137
)
Package hyperref Info: Driver (autodetected): hpdftex.

(/usr/local/texlive/2019/texmf-dist/tex/latex/hyperref/hpdftex.def
File: hpdftex.def 2018/11/30 v6.88e Hyperref driver for pdfTeX
\Fld@listcount=\count138
\c@bookmark@seq@number=\count139

(/usr/local/texlive/2019/texmf-dist/tex/latex/oberdiek/rerunfilecheck.sty
Package: rerunfilecheck 2016/05/16 v1.8 Rerun checks for auxiliary files (HO)
Package uniquecounter Info: New unique counter `rerunfilecheck' on input line 2
82.
)
\Hy@SectionHShift=\skip55
)
(./16341023_周芙蓉.aux

LaTeX Warning: Label `' multiply defined.


LaTeX Warning: Label `' multiply defined.

)
\openout1 = `16341023_周芙蓉.aux'.

LaTeX Font Info:    Checking defaults for OML/cmm/m/it on input line 33.
LaTeX Font Info:    ... okay on input line 33.
LaTeX Font Info:    Checking defaults for T1/cmr/m/n on input line 33.
LaTeX Font Info:    ... okay on input line 33.
LaTeX Font Info:    Checking defaults for OT1/cmr/m/n on input line 33.
LaTeX Font Info:    ... okay on input line 33.
LaTeX Font Info:    Checking defaults for OMS/cmsy/m/n on input line 33.
LaTeX Font Info:    ... okay on input line 33.
LaTeX Font Info:    Checking defaults for OMX/cmex/m/n on input line 33.
LaTeX Font Info:    ... okay on input line 33.
LaTeX Font Info:    Checking defaults for U/cmr/m/n on input line 33.
LaTeX Font Info:    ... okay on input line 33.
LaTeX Font Info:    Checking defaults for PD1/pdf/m/n on input line 33.
LaTeX Font Info:    ... okay on input line 33.
LaTeX Font Info:    Try loading font information for OT1+ptm on input line 33.
 (/usr/local/texlive/2019/texmf-dist/tex/latex/psnfss/ot1ptm.fd
File: ot1ptm.fd 2001/06/04 font definitions for OT1/ptm.
)
ABD: EveryShipout initializing macros
(/usr/local/texlive/2019/texmf-dist/tex/context/base/mkii/supp-pdf.mkii
[Loading MPS to PDF converter (version 2006.09.02).]
\scratchcounter=\count140
\scratchdimen=\dimen140
\scratchbox=\box61
\nofMPsegments=\count141
\nofMParguments=\count142
\everyMPshowfont=\toks23
\MPscratchCnt=\count143
\MPscratchDim=\dimen141
\MPnumerator=\count144
\makeMPintoPDFobject=\count145
\everyMPtoPDFconversion=\toks24
) (/usr/local/texlive/2019/texmf-dist/tex/latex/oberdiek/epstopdf-base.sty
Package: epstopdf-base 2016/05/15 v2.6 Base part for package epstopdf

(/usr/local/texlive/2019/texmf-dist/tex/latex/oberdiek/grfext.sty
Package: grfext 2016/05/16 v1.2 Manage graphics extensions (HO)
)
Package epstopdf-base Info: Redefining graphics rule for `.eps' on input line 4
38.
Package grfext Info: Graphics extension search list:
(grfext)             [.pdf,.png,.jpg,.mps,.jpeg,.jbig2,.jb2,.PDF,.PNG,.JPG,.JPE
G,.JBIG2,.JB2,.eps]
(grfext)             \AppendGraphicsExtensions on input line 456.

(/usr/local/texlive/2019/texmf-dist/tex/latex/latexconfig/epstopdf-sys.cfg
File: epstopdf-sys.cfg 2010/07/13 v1.3 Configuration of (r)epstopdf for TeX Liv
e
))
\c@lstlisting=\count146

(/usr/local/texlive/2019/texmf-dist/tex/latex/oberdiek/pdflscape.sty
Package: pdflscape 2016/05/14 v0.11 Display of landscape pages in PDF (HO)

(/usr/local/texlive/2019/texmf-dist/tex/latex/graphics/lscape.sty
Package: lscape 2000/10/22 v3.01 Landscape Pages (DPC)
)
Package pdflscape Info: Auto-detected driver: pdftex on input line 81.
)
\AtBeginShipoutBox=\box62
Package atbegshi Info: Package `everyshi' patched.
Package hyperref Info: Link coloring OFF on input line 33.

(/usr/local/texlive/2019/texmf-dist/tex/latex/hyperref/nameref.sty
Package: nameref 2016/05/21 v2.44 Cross-referencing by name of section

(/usr/local/texlive/2019/texmf-dist/tex/generic/oberdiek/gettitlestring.sty
Package: gettitlestring 2016/05/16 v1.5 Cleanup title references (HO)
)
\c@section@level=\count147
)
LaTeX Info: Redefining \ref on input line 33.
LaTeX Info: Redefining \pageref on input line 33.
LaTeX Info: Redefining \nameref on input line 33.
LaTeX Font Info:    Font shape `OT1/ptm/bx/n' in size <14.4> not available
(Font)              Font shape `OT1/ptm/b/n' tried instead on input line 52.

./16341023_周芙蓉.tex:52: Undefined control sequence.
\@title ->\LaTex 
                 \ Image Style Conversion using Cycle-Consistent Adversarial...
l.52 
     
? s
OK, entering \scrollmode...
LaTeX Font Info:    Try loading font information for U+msa on input line 52.
(/usr/local/texlive/2019/texmf-dist/tex/latex/amsfonts/umsa.fd
File: umsa.fd 2013/01/14 v3.01 AMS symbols A
)
LaTeX Font Info:    Try loading font information for U+msb on input line 52.

(/usr/local/texlive/2019/texmf-dist/tex/latex/amsfonts/umsb.fd
File: umsb.fd 2013/01/14 v3.01 AMS symbols B
)
LaTeX Font Info:    Try loading font information for OT1+pcr on input line 52.

(/usr/local/texlive/2019/texmf-dist/tex/latex/psnfss/ot1pcr.fd
File: ot1pcr.fd 2001/06/04 font definitions for OT1/pcr.
)
LaTeX Font Info:    Font shape `OT1/ptm/bx/n' in size <12> not available
(Font)              Font shape `OT1/ptm/b/n' tried instead on input line 54.


./16341023_周芙蓉.tex:78: Package inputenc Error: Unicode character ​ (U+2
00B)
(inputenc)                not set up for use with LaTeX.

See the inputenc package documentation for explanation.
Type  H <return>  for immediate help.
 ...                                              
                                                  
l.78    The core idea of ​
                            ​CycleGAN is that if there is an image style c...

You may provide a definition with
\DeclareUnicodeCharacter 


./16341023_周芙蓉.tex:78: Package inputenc Error: Unicode character ​ (U+2
00B)
(inputenc)                not set up for use with LaTeX.

See the inputenc package documentation for explanation.
Type  H <return>  for immediate help.
 ...                                              
                                                  
l.78    The core idea of ​​
                               CycleGAN is that if there is an image style c...

You may provide a definition with
\DeclareUnicodeCharacter 

./16341023_周芙蓉.tex:88: Missing $ inserted.
<inserted text> 
                $
l.88    L_
          {cyc}(G,F) = E_{x\sim p_{data}(x)}[\left \| F(G(x)) - x \right \|_...
I've inserted a begin-math/end-math symbol since I think
you left one out. Proceed, with fingers crossed.

./16341023_周芙蓉.tex:89: Missing $ inserted.
<inserted text> 
                $
l.89 
     
I've inserted a begin-math/end-math symbol since I think
you left one out. Proceed, with fingers crossed.

./16341023_周芙蓉.tex:90: Missing $ inserted.
<inserted text> 
                $
l.90    + E_
            {y\sim p_{data}(y)}[\left \| G(F(y)) - y \right \|_{1}] \cite{Cy...
I've inserted a begin-math/end-math symbol since I think
you left one out. Proceed, with fingers crossed.

./16341023_周芙蓉.tex:91: Missing $ inserted.
<inserted text> 
                $
l.91 
     
I've inserted a begin-math/end-math symbol since I think
you left one out. Proceed, with fingers crossed.


Underfull \hbox (badness 5696) in paragraph at lines 101--108
[]\OT1/ptm/m/n/10 CycleGAN is es-sen-tially two mir-ror sym-met-ri-cal
 []

<system_diagram_v2.pdf, id=10, 1016.96883pt x 266.10374pt>
File: system_diagram_v2.pdf Graphic file (type pdf)
<use system_diagram_v2.pdf>
Package pdftex.def Info: system_diagram_v2.pdf  used on input line 113.
(pdftex.def)             Requested size: 447.16759pt x 117.00885pt.

./16341023_周芙蓉.tex:115: Package inputenc Error: Unicode character → (U+
2192)
(inputenc)                not set up for use with LaTeX.

See the inputenc package documentation for explanation.
Type  H <return>  for immediate help.
 ...                                              
                                                  
l.115 ...leGAN adds up to a total of four losses.}
                                                  
You may provide a definition with
\DeclareUnicodeCharacter 


./16341023_周芙蓉.tex:115: Package inputenc Error: Unicode character → (U+
2192)
(inputenc)                not set up for use with LaTeX.

See the inputenc package documentation for explanation.
Type  H <return>  for immediate help.
 ...                                              
                                                  
l.115 ...leGAN adds up to a total of four losses.}
                                                  
You may provide a definition with
\DeclareUnicodeCharacter 


./16341023_周芙蓉.tex:115: Package inputenc Error: Unicode character → (U+
2192)
(inputenc)                not set up for use with LaTeX.

See the inputenc package documentation for explanation.
Type  H <return>  for immediate help.
 ...                                              
                                                  
l.115 ...leGAN adds up to a total of four losses.}
                                                  
You may provide a definition with
\DeclareUnicodeCharacter 


./16341023_周芙蓉.tex:115: Package inputenc Error: Unicode character → (U+
2192)
(inputenc)                not set up for use with LaTeX.

See the inputenc package documentation for explanation.
Type  H <return>  for immediate help.
 ...                                              
                                                  
l.115 ...leGAN adds up to a total of four losses.}
                                                  
You may provide a definition with
\DeclareUnicodeCharacter 


./16341023_周芙蓉.tex:128: Package inputenc Error: Unicode character 、 (U+
3001)
(inputenc)                not set up for use with LaTeX.

See the inputenc package documentation for explanation.
Type  H <return>  for immediate help.
 ...                                              
                                                  
l.128 ( Generative Adversarial Networks (GANs)、
                                                 
You may provide a definition with
\DeclareUnicodeCharacter 


./16341023_周芙蓉.tex:129: Package inputenc Error: Unicode character 、 (U+
3001)
(inputenc)                not set up for use with LaTeX.

See the inputenc package documentation for explanation.
Type  H <return>  for immediate help.
 ...                                              
                                                  
l.129 Image-to-Image Translation、
                                   
You may provide a definition with
\DeclareUnicodeCharacter 


./16341023_周芙蓉.tex:130: Package inputenc Error: Unicode character 、 (U+
3001)
(inputenc)                not set up for use with LaTeX.

See the inputenc package documentation for explanation.
Type  H <return>  for immediate help.
 ...                                              
                                                  
l.130 Unpaired Image-to-Image Translation、
                                            
You may provide a definition with
\DeclareUnicodeCharacter 

LaTeX Font Info:    Font shape `OT1/ptm/bx/n' in size <10> not available
(Font)              Font shape `OT1/ptm/b/n' tried instead on input line 133.

Underfull \hbox (badness 1215) in paragraph at lines 133--141
[]\OT1/ptm/b/n/10 Generative Ad-ver-sar-ial Net-works (GANs) \OT1/ptm/m/n/10 [[
], []]
 []

[1{/usr/local/texlive/2019/texmf-var/fonts/map/pdftex/updmap/pdftex.map}


]

./16341023_周芙蓉.tex:174: Package inputenc Error: Unicode character ： (U+
FF1A)
(inputenc)                not set up for use with LaTeX.

See the inputenc package documentation for explanation.
Type  H <return>  for immediate help.
 ...                                              
                                                  
l.174 Adversarial Loss：
                         For the mapping function G : X → Y and its dis- c...

You may provide a definition with
\DeclareUnicodeCharacter 


./16341023_周芙蓉.tex:174: Package inputenc Error: Unicode character → (U+
2192)
(inputenc)                not set up for use with LaTeX.

See the inputenc package documentation for explanation.
Type  H <return>  for immediate help.
 ...                                              
                                                  
l.174 ...Loss：For the mapping function G : X →
                                                   Y and its dis- criminator...

You may provide a definition with
\DeclareUnicodeCharacter 


./16341023_周芙蓉.tex:188: Package inputenc Error: Unicode character ≈ (U+
2248)
(inputenc)                not set up for use with LaTeX.

See the inputenc package documentation for explanation.
Type  H <return>  for immediate help.
 ...                                              
                                                  
l.188 ...rd consistent: x $\to$G(x)$\to$F(G(x))≈
                                                  x
You may provide a definition with
\DeclareUnicodeCharacter 


./16341023_周芙蓉.tex:190: Package inputenc Error: Unicode character ≈ (U+
2248)
(inputenc)                not set up for use with LaTeX.

See the inputenc package documentation for explanation.
Type  H <return>  for immediate help.
 ...                                              
                                                  
l.190 ...ward agreement: y$\to$F(y)$\to$G(F(y))≈
                                                  y
You may provide a definition with
\DeclareUnicodeCharacter 

./16341023_周芙蓉.tex:216: Undefined control sequence.
l.216 \subfigure
                [a]{
The control sequence at the end of the top line
of your error message was never \def'ed. If you have
misspelled it (e.g., `\hobx'), type `I' and the correct
spelling (e.g., `I\hbox'). Otherwise just continue,
and I'll forget about whatever was undefined.

<images/agr.pdf, id=54, 1003.75pt x 514.92375pt>
File: images/agr.pdf Graphic file (type pdf)
<use images/agr.pdf>
Package pdftex.def Info: images/agr.pdf  used on input line 218.
(pdftex.def)             Requested size: 201.22404pt x 103.22649pt.
./16341023_周芙蓉.tex:220: Undefined control sequence.
l.220 \subfigure
                [b]{
The control sequence at the end of the top line
of your error message was never \def'ed. If you have
misspelled it (e.g., `\hobx'), type `I' and the correct
spelling (e.g., `I\hbox'). Otherwise just continue,
and I'll forget about whatever was undefined.

<images/agr1.pdf, id=55, 1284.8pt x 642.4pt>
File: images/agr1.pdf Graphic file (type pdf)
<use images/agr1.pdf>
Package pdftex.def Info: images/agr1.pdf  used on input line 222.
(pdftex.def)             Requested size: 201.22404pt x 100.61pt.

Overfull \hbox (210.03165pt too wide) in paragraph at lines 216--234
 [] 
 []


Overfull \hbox (211.93167pt too wide) in paragraph at lines 216--234
 []  
 []


./16341023_周芙蓉.tex:234: Package inputenc Error: Unicode character → (U+
2192)
(inputenc)                not set up for use with LaTeX.

See the inputenc package documentation for explanation.
Type  H <return>  for immediate help.
 ...                                              
                                                  
l.234 ... did not exist in the unpaired data set.}
                                                  
You may provide a definition with
\DeclareUnicodeCharacter 


./16341023_周芙蓉.tex:234: Package inputenc Error: Unicode character → (U+
2192)
(inputenc)                not set up for use with LaTeX.

See the inputenc package documentation for explanation.
Type  H <return>  for immediate help.
 ...                                              
                                                  
l.234 ... did not exist in the unpaired data set.}
                                                  
You may provide a definition with
\DeclareUnicodeCharacter 


./16341023_周芙蓉.tex:234: Package inputenc Error: Unicode character → (U+
2192)
(inputenc)                not set up for use with LaTeX.

See the inputenc package documentation for explanation.
Type  H <return>  for immediate help.
 ...                                              
                                                  
l.234 ... did not exist in the unpaired data set.}
                                                  
You may provide a definition with
\DeclareUnicodeCharacter 


./16341023_周芙蓉.tex:234: Package inputenc Error: Unicode character → (U+
2192)
(inputenc)                not set up for use with LaTeX.

See the inputenc package documentation for explanation.
Type  H <return>  for immediate help.
 ...                                              
                                                  
l.234 ... did not exist in the unpaired data set.}
                                                  
You may provide a definition with
\DeclareUnicodeCharacter 


./16341023_周芙蓉.tex:241: LaTeX Error: Environment algorithm undefined.

See the LaTeX manual or LaTeX Companion for explanation.
Type  H <return>  for immediate help.
 ...                                              
                                                  
l.241 \begin{algorithm}
                       
Your command was ignored.
Type  I <command> <return>  to replace it with another command,
or  <return>  to continue without it.


./16341023_周芙蓉.tex:242: LaTeX Error: \caption outside float.

See the LaTeX manual or LaTeX Companion for explanation.
Type  H <return>  for immediate help.
 ...                                              
                                                  
l.242 	\caption
               {k, is a hyperparameter.We used k = 1, the least expensive op...

You're in trouble here.  Try typing  <return>  to proceed.
If that doesn't work, type  X <return>  to quit.

[2 <./system_diagram_v2.pdf> <./images/agr.pdf> <./images/agr1.pdf>]

./16341023_周芙蓉.tex:262: LaTeX Error: \begin{document} ended by \end{algor
ithm}.

See the LaTeX manual or LaTeX Companion for explanation.
Type  H <return>  for immediate help.
 ...                                              
                                                  
l.262 \end{algorithm}
                     
Your command was ignored.
Type  I <command> <return>  to replace it with another command,
or  <return>  to continue without it.


Underfull \hbox (badness 4995) in paragraph at lines 266--268
[]\OT1/ptm/m/n/10 The source of the ex-per-i-men-tal data set is the
 []


Underfull \hbox (badness 2197) in paragraph at lines 266--268
\OT1/ptm/m/n/10 data set pro-vided by the orig-i-nal au-thor, the source
 []

./16341023_周芙蓉.tex:274: Undefined control sequence.
l.274     \subfigure
                    {
The control sequence at the end of the top line
of your error message was never \def'ed. If you have
misspelled it (e.g., `\hobx'), type `I' and the correct
spelling (e.g., `I\hbox'). Otherwise just continue,
and I'll forget about whatever was undefined.

<images/loss200_02.pdf, id=162, 433.62pt x 289.08pt>
File: images/loss200_02.pdf Graphic file (type pdf)
<use images/loss200_02.pdf>
Package pdftex.def Info: images/loss200_02.pdf  used on input line 275.
(pdftex.def)             Requested size: 228.5572pt x 152.37357pt.
./16341023_周芙蓉.tex:288: Undefined control sequence.
l.288     \subfigure
                    {
The control sequence at the end of the top line
of your error message was never \def'ed. If you have
misspelled it (e.g., `\hobx'), type `I' and the correct
spelling (e.g., `I\hbox'). Otherwise just continue,
and I'll forget about whatever was undefined.

<images/Test_result_164.png, id=163, 554.07pt x 184.69pt>
File: images/Test_result_164.png Graphic file (type png)
<use images/Test_result_164.png>
Package pdftex.def Info: images/Test_result_164.png  used on input line 290.
(pdftex.def)             Requested size: 228.5572pt x 76.18555pt.
./16341023_周芙蓉.tex:292: Undefined control sequence.
l.292      \subfigure
                     {
The control sequence at the end of the top line
of your error message was never \def'ed. If you have
misspelled it (e.g., `\hobx'), type `I' and the correct
spelling (e.g., `I\hbox'). Otherwise just continue,
and I'll forget about whatever was undefined.

<images/Test_result_235.png, id=165, 554.07pt x 184.69pt>
File: images/Test_result_235.png Graphic file (type png)
<use images/Test_result_235.png>
Package pdftex.def Info: images/Test_result_235.png  used on input line 294.
(pdftex.def)             Requested size: 228.5572pt x 76.18555pt.
./16341023_周芙蓉.tex:295: Undefined control sequence.
l.295        \subfigure
                       {
The control sequence at the end of the top line
of your error message was never \def'ed. If you have
misspelled it (e.g., `\hobx'), type `I' and the correct
spelling (e.g., `I\hbox'). Otherwise just continue,
and I'll forget about whatever was undefined.

<images/Test_result_86.png, id=166, 554.07pt x 184.69pt>
File: images/Test_result_86.png Graphic file (type png)
<use images/Test_result_86.png>
Package pdftex.def Info: images/Test_result_86.png  used on input line 297.
(pdftex.def)             Requested size: 228.5572pt x 76.18555pt.
./16341023_周芙蓉.tex:298: Undefined control sequence.
l.298        \subfigure
                       {
The control sequence at the end of the top line
of your error message was never \def'ed. If you have
misspelled it (e.g., `\hobx'), type `I' and the correct
spelling (e.g., `I\hbox'). Otherwise just continue,
and I'll forget about whatever was undefined.

<images/Test_result_2.png, id=167, 554.07pt x 184.69pt>
File: images/Test_result_2.png Graphic file (type png)
<use images/Test_result_2.png>
Package pdftex.def Info: images/Test_result_2.png  used on input line 300.
(pdftex.def)             Requested size: 228.5572pt x 76.18555pt.
./16341023_周芙蓉.tex:344: Undefined control sequence.
l.344     \subfigure
                    {
The control sequence at the end of the top line
of your error message was never \def'ed. If you have
misspelled it (e.g., `\hobx'), type `I' and the correct
spelling (e.g., `I\hbox'). Otherwise just continue,
and I'll forget about whatever was undefined.

<images/loss_200_02.png, id=171, 433.62pt x 289.08pt>
File: images/loss_200_02.png Graphic file (type png)
<use images/loss_200_02.png>
Package pdftex.def Info: images/loss_200_02.png  used on input line 346.
(pdftex.def)             Requested size: 228.5572pt x 152.37357pt.
./16341023_周芙蓉.tex:348: Undefined control sequence.
l.348      \subfigure
                     {
The control sequence at the end of the top line
of your error message was never \def'ed. If you have
misspelled it (e.g., `\hobx'), type `I' and the correct
spelling (e.g., `I\hbox'). Otherwise just continue,
and I'll forget about whatever was undefined.

<images/loss_20_02.png, id=172, 433.62pt x 289.08pt>
File: images/loss_20_02.png Graphic file (type png)
<use images/loss_20_02.png>
Package pdftex.def Info: images/loss_20_02.png  used on input line 350.
(pdftex.def)             Requested size: 228.5572pt x 152.37357pt.
./16341023_周芙蓉.tex:358: Undefined control sequence.
l.358      \subfigure
                     {
The control sequence at the end of the top line
of your error message was never \def'ed. If you have
misspelled it (e.g., `\hobx'), type `I' and the correct
spelling (e.g., `I\hbox'). Otherwise just continue,
and I'll forget about whatever was undefined.

<images/loss_20_015.png, id=173, 433.62pt x 289.08pt>
File: images/loss_20_015.png Graphic file (type png)
<use images/loss_20_015.png>
Package pdftex.def Info: images/loss_20_015.png  used on input line 360.
(pdftex.def)             Requested size: 228.5572pt x 152.37357pt.
./16341023_周芙蓉.tex:361: Undefined control sequence.
l.361       \subfigure
                      {
The control sequence at the end of the top line
of your error message was never \def'ed. If you have
misspelled it (e.g., `\hobx'), type `I' and the correct
spelling (e.g., `I\hbox'). Otherwise just continue,
and I'll forget about whatever was undefined.

<images/loss_20_030.png, id=174, 433.62pt x 289.08pt>
File: images/loss_20_030.png Graphic file (type png)
<use images/loss_20_030.png>
Package pdftex.def Info: images/loss_20_030.png  used on input line 363.
(pdftex.def)             Requested size: 228.5572pt x 152.37357pt.

LaTeX Warning: Float too large for page by 29.99487pt on input line 367.


Underfull \vbox (badness 10000) has occurred while \output is active []

 [3 <./images/loss200_02.pdf> <./images/Test_result_164.png> <./images/Test_res
ult_235.png> <./images/Test_result_86.png> <./images/Test_result_2.png>]
LaTeX Font Info:    Font shape `OT1/ptm/bx/n' in size <9> not available
(Font)              Font shape `OT1/ptm/b/n' tried instead on input line 402.

(./16341023_周芙蓉.bbl
LaTeX Font Info:    Font shape `OT1/ptm/bx/it' in size <9> not available
(Font)              Font shape `OT1/ptm/b/it' tried instead on input line 7.
 [4 <./images/loss_200_02.png> <./images/loss_20_02.png> <./images/loss_20_015.
png> <./images/loss_20_030.png>]

./16341023_周芙蓉.bbl:74: Package inputenc Error: Unicode character ̈ (U+03
08)
(inputenc)                not set up for use with LaTeX.

See the inputenc package documentation for explanation.
Type  H <return>  for immediate help.
 ...                                              
                                                  
l.74 J.-Y. Zhu, P.~Kra ̈
                         henbu ̈hl, E. Shechtman, and A.~A. Efros.
You may provide a definition with
\DeclareUnicodeCharacter 


./16341023_周芙蓉.bbl:74: Package inputenc Error: Unicode character ̈ (U+03
08)
(inputenc)                not set up for use with LaTeX.

See the inputenc package documentation for explanation.
Type  H <return>  for immediate help.
 ...                                              
                                                  
l.74 J.-Y. Zhu, P.~Kra ̈henbu ̈
                                 hl, E. Shechtman, and A.~A. Efros.
You may provide a definition with
\DeclareUnicodeCharacter 

)
Package atveryend Info: Empty hook `BeforeClearDocument' on input line 414.
 [5

]
Package atveryend Info: Empty hook `AfterLastShipout' on input line 414.
 (./16341023_周芙蓉.aux)
Package atveryend Info: Executing hook `AtVeryEndDocument' on input line 414.
Package atveryend Info: Empty hook `AtEndAfterFileList' on input line 414.


LaTeX Warning: There were multiply-defined labels.

Package atveryend Info: Empty hook `AtVeryVeryEnd' on input line 414.
 ) 
Here is how much of TeX's memory you used:
 9023 strings out of 492609
 129441 string characters out of 6129048
 247231 words of memory out of 5000000
 12727 multiletter control sequences out of 15000+600000
 36461 words of font info for 84 fonts, out of 8000000 for 9000
 1141 hyphenation exceptions out of 8191
 32i,12n,48p,1775b,552s stack positions out of 5000i,500n,10000p,200000b,80000s
{/usr/local/texlive/2019/texmf-dist/fonts/enc/dvips/base/8r.enc}</usr/local/t
exlive/2019/texmf-dist/fonts/type1/public/amsfonts/cm/cmbx10.pfb></usr/local/te
xlive/2019/texmf-dist/fonts/type1/public/amsfonts/cm/cmex10.pfb></usr/local/tex
live/2019/texmf-dist/fonts/type1/public/amsfonts/cm/cmmi10.pfb></usr/local/texl
ive/2019/texmf-dist/fonts/type1/public/amsfonts/cm/cmmi5.pfb></usr/local/texliv
e/2019/texmf-dist/fonts/type1/public/amsfonts/cm/cmmi6.pfb></usr/local/texlive/
2019/texmf-dist/fonts/type1/public/amsfonts/cm/cmmi7.pfb></usr/local/texlive/20
19/texmf-dist/fonts/type1/public/amsfonts/cm/cmmi9.pfb></usr/local/texlive/2019
/texmf-dist/fonts/type1/public/amsfonts/cm/cmr10.pfb></usr/local/texlive/2019/t
exmf-dist/fonts/type1/public/amsfonts/cm/cmr7.pfb></usr/local/texlive/2019/texm
f-dist/fonts/type1/public/amsfonts/cm/cmsy10.pfb></usr/local/texlive/2019/texmf
-dist/fonts/type1/public/amsfonts/cm/cmsy7.pfb></usr/local/texlive/2019/texmf-d
ist/fonts/type1/public/amsfonts/symbols/msbm10.pfb></usr/local/texlive/2019/tex
mf-dist/fonts/type1/urw/courier/ucrr8a.pfb></usr/local/texlive/2019/texmf-dist/
fonts/type1/urw/times/utmb8a.pfb></usr/local/texlive/2019/texmf-dist/fonts/type
1/urw/times/utmbi8a.pfb></usr/local/texlive/2019/texmf-dist/fonts/type1/urw/tim
es/utmr8a.pfb></usr/local/texlive/2019/texmf-dist/fonts/type1/urw/times/utmri8a
.pfb>
Output written on 16341023_周芙蓉.pdf (5 pages, 1778863 bytes).
PDF statistics:
 311 PDF objects out of 1000 (max. 8388607)
 253 compressed objects within 3 object streams
 58 named destinations out of 1000 (max. 500000)
 61 words of extra memory for PDF output out of 10000 (max. 10000000)

